  main.cpp
  Unknown compiler version - please run the configure tests and report the results
  Generating code
  2 of 1433 functions ( 0.1%) were compiled, the rest were copied from previous compilation.
    0 functions were new in current compilation
    0 functions had inline decision re-evaluated but remain unchanged
  Finished generating code
systemc.lib(sc_clock.obj) : warning LNK4099: PDB 'SystemC.pdb' was not found with 'systemc.lib(sc_clock.obj)' or at 'C:\Users\Gabriel\Desktop\Gabriel\Federal\Codesign\PlateDetection_Systemc2 - Copy\PlateDetection_SystemC_OpenCV_Simple_Bus\Release\SystemC.pdb'; linking object as if no debug info
systemc.lib(sc_event_finder.obj) : warning LNK4099: PDB 'SystemC.pdb' was not found with 'systemc.lib(sc_event_finder.obj)' or at 'C:\Users\Gabriel\Desktop\Gabriel\Federal\Codesign\PlateDetection_Systemc2 - Copy\PlateDetection_SystemC_OpenCV_Simple_Bus\Release\SystemC.pdb'; linking object as if no debug info
systemc.lib(sc_export.obj) : warning LNK4099: PDB 'SystemC.pdb' was not found with 'systemc.lib(sc_export.obj)' or at 'C:\Users\Gabriel\Desktop\Gabriel\Federal\Codesign\PlateDetection_Systemc2 - Copy\PlateDetection_SystemC_OpenCV_Simple_Bus\Release\SystemC.pdb'; linking object as if no debug info
systemc.lib(sc_interface.obj) : warning LNK4099: PDB 'SystemC.pdb' was not found with 'systemc.lib(sc_interface.obj)' or at 'C:\Users\Gabriel\Desktop\Gabriel\Federal\Codesign\PlateDetection_Systemc2 - Copy\PlateDetection_SystemC_OpenCV_Simple_Bus\Release\SystemC.pdb'; linking object as if no debug info
systemc.lib(sc_port.obj) : warning LNK4099: PDB 'SystemC.pdb' was not found with 'systemc.lib(sc_port.obj)' or at 'C:\Users\Gabriel\Desktop\Gabriel\Federal\Codesign\PlateDetection_Systemc2 - Copy\PlateDetection_SystemC_OpenCV_Simple_Bus\Release\SystemC.pdb'; linking object as if no debug info
systemc.lib(sc_prim_channel.obj) : warning LNK4099: PDB 'SystemC.pdb' was not found with 'systemc.lib(sc_prim_channel.obj)' or at 'C:\Users\Gabriel\Desktop\Gabriel\Federal\Codesign\PlateDetection_Systemc2 - Copy\PlateDetection_SystemC_OpenCV_Simple_Bus\Release\SystemC.pdb'; linking object as if no debug info
systemc.lib(sc_signal.obj) : warning LNK4099: PDB 'SystemC.pdb' was not found with 'systemc.lib(sc_signal.obj)' or at 'C:\Users\Gabriel\Desktop\Gabriel\Federal\Codesign\PlateDetection_Systemc2 - Copy\PlateDetection_SystemC_OpenCV_Simple_Bus\Release\SystemC.pdb'; linking object as if no debug info
systemc.lib(sc_signal_ports.obj) : warning LNK4099: PDB 'SystemC.pdb' was not found with 'systemc.lib(sc_signal_ports.obj)' or at 'C:\Users\Gabriel\Desktop\Gabriel\Federal\Codesign\PlateDetection_Systemc2 - Copy\PlateDetection_SystemC_OpenCV_Simple_Bus\Release\SystemC.pdb'; linking object as if no debug info
systemc.lib(sc_logic.obj) : warning LNK4099: PDB 'SystemC.pdb' was not found with 'systemc.lib(sc_logic.obj)' or at 'C:\Users\Gabriel\Desktop\Gabriel\Federal\Codesign\PlateDetection_Systemc2 - Copy\PlateDetection_SystemC_OpenCV_Simple_Bus\Release\SystemC.pdb'; linking object as if no debug info
systemc.lib(sc_nbdefs.obj) : warning LNK4099: PDB 'SystemC.pdb' was not found with 'systemc.lib(sc_nbdefs.obj)' or at 'C:\Users\Gabriel\Desktop\Gabriel\Federal\Codesign\PlateDetection_Systemc2 - Copy\PlateDetection_SystemC_OpenCV_Simple_Bus\Release\SystemC.pdb'; linking object as if no debug info
systemc.lib(sc_attribute.obj) : warning LNK4099: PDB 'SystemC.pdb' was not found with 'systemc.lib(sc_attribute.obj)' or at 'C:\Users\Gabriel\Desktop\Gabriel\Federal\Codesign\PlateDetection_Systemc2 - Copy\PlateDetection_SystemC_OpenCV_Simple_Bus\Release\SystemC.pdb'; linking object as if no debug info
systemc.lib(sc_cor_fiber.obj) : warning LNK4099: PDB 'SystemC.pdb' was not found with 'systemc.lib(sc_cor_fiber.obj)' or at 'C:\Users\Gabriel\Desktop\Gabriel\Federal\Codesign\PlateDetection_Systemc2 - Copy\PlateDetection_SystemC_OpenCV_Simple_Bus\Release\SystemC.pdb'; linking object as if no debug info
systemc.lib(sc_cthread_process.obj) : warning LNK4099: PDB 'SystemC.pdb' was not found with 'systemc.lib(sc_cthread_process.obj)' or at 'C:\Users\Gabriel\Desktop\Gabriel\Federal\Codesign\PlateDetection_Systemc2 - Copy\PlateDetection_SystemC_OpenCV_Simple_Bus\Release\SystemC.pdb'; linking object as if no debug info
systemc.lib(sc_event.obj) : warning LNK4099: PDB 'SystemC.pdb' was not found with 'systemc.lib(sc_event.obj)' or at 'C:\Users\Gabriel\Desktop\Gabriel\Federal\Codesign\PlateDetection_Systemc2 - Copy\PlateDetection_SystemC_OpenCV_Simple_Bus\Release\SystemC.pdb'; linking object as if no debug info
systemc.lib(sc_except.obj) : warning LNK4099: PDB 'SystemC.pdb' was not found with 'systemc.lib(sc_except.obj)' or at 'C:\Users\Gabriel\Desktop\Gabriel\Federal\Codesign\PlateDetection_Systemc2 - Copy\PlateDetection_SystemC_OpenCV_Simple_Bus\Release\SystemC.pdb'; linking object as if no debug info
systemc.lib(sc_main.obj) : warning LNK4099: PDB 'SystemC.pdb' was not found with 'systemc.lib(sc_main.obj)' or at 'C:\Users\Gabriel\Desktop\Gabriel\Federal\Codesign\PlateDetection_Systemc2 - Copy\PlateDetection_SystemC_OpenCV_Simple_Bus\Release\SystemC.pdb'; linking object as if no debug info
systemc.lib(sc_main_main.obj) : warning LNK4099: PDB 'SystemC.pdb' was not found with 'systemc.lib(sc_main_main.obj)' or at 'C:\Users\Gabriel\Desktop\Gabriel\Federal\Codesign\PlateDetection_Systemc2 - Copy\PlateDetection_SystemC_OpenCV_Simple_Bus\Release\SystemC.pdb'; linking object as if no debug info
systemc.lib(sc_method_process.obj) : warning LNK4099: PDB 'SystemC.pdb' was not found with 'systemc.lib(sc_method_process.obj)' or at 'C:\Users\Gabriel\Desktop\Gabriel\Federal\Codesign\PlateDetection_Systemc2 - Copy\PlateDetection_SystemC_OpenCV_Simple_Bus\Release\SystemC.pdb'; linking object as if no debug info
systemc.lib(sc_module.obj) : warning LNK4099: PDB 'SystemC.pdb' was not found with 'systemc.lib(sc_module.obj)' or at 'C:\Users\Gabriel\Desktop\Gabriel\Federal\Codesign\PlateDetection_Systemc2 - Copy\PlateDetection_SystemC_OpenCV_Simple_Bus\Release\SystemC.pdb'; linking object as if no debug info
systemc.lib(sc_module_name.obj) : warning LNK4099: PDB 'SystemC.pdb' was not found with 'systemc.lib(sc_module_name.obj)' or at 'C:\Users\Gabriel\Desktop\Gabriel\Federal\Codesign\PlateDetection_Systemc2 - Copy\PlateDetection_SystemC_OpenCV_Simple_Bus\Release\SystemC.pdb'; linking object as if no debug info
systemc.lib(sc_module_registry.obj) : warning LNK4099: PDB 'SystemC.pdb' was not found with 'systemc.lib(sc_module_registry.obj)' or at 'C:\Users\Gabriel\Desktop\Gabriel\Federal\Codesign\PlateDetection_Systemc2 - Copy\PlateDetection_SystemC_OpenCV_Simple_Bus\Release\SystemC.pdb'; linking object as if no debug info
systemc.lib(sc_name_gen.obj) : warning LNK4099: PDB 'SystemC.pdb' was not found with 'systemc.lib(sc_name_gen.obj)' or at 'C:\Users\Gabriel\Desktop\Gabriel\Federal\Codesign\PlateDetection_Systemc2 - Copy\PlateDetection_SystemC_OpenCV_Simple_Bus\Release\SystemC.pdb'; linking object as if no debug info
systemc.lib(sc_object.obj) : warning LNK4099: PDB 'SystemC.pdb' was not found with 'systemc.lib(sc_object.obj)' or at 'C:\Users\Gabriel\Desktop\Gabriel\Federal\Codesign\PlateDetection_Systemc2 - Copy\PlateDetection_SystemC_OpenCV_Simple_Bus\Release\SystemC.pdb'; linking object as if no debug info
systemc.lib(sc_object_manager.obj) : warning LNK4099: PDB 'SystemC.pdb' was not found with 'systemc.lib(sc_object_manager.obj)' or at 'C:\Users\Gabriel\Desktop\Gabriel\Federal\Codesign\PlateDetection_Systemc2 - Copy\PlateDetection_SystemC_OpenCV_Simple_Bus\Release\SystemC.pdb'; linking object as if no debug info
systemc.lib(sc_phase_callback_registry.obj) : warning LNK4099: PDB 'SystemC.pdb' was not found with 'systemc.lib(sc_phase_callback_registry.obj)' or at 'C:\Users\Gabriel\Desktop\Gabriel\Federal\Codesign\PlateDetection_Systemc2 - Copy\PlateDetection_SystemC_OpenCV_Simple_Bus\Release\SystemC.pdb'; linking object as if no debug info
systemc.lib(sc_process.obj) : warning LNK4099: PDB 'SystemC.pdb' was not found with 'systemc.lib(sc_process.obj)' or at 'C:\Users\Gabriel\Desktop\Gabriel\Federal\Codesign\PlateDetection_Systemc2 - Copy\PlateDetection_SystemC_OpenCV_Simple_Bus\Release\SystemC.pdb'; linking object as if no debug info
systemc.lib(sc_reset.obj) : warning LNK4099: PDB 'SystemC.pdb' was not found with 'systemc.lib(sc_reset.obj)' or at 'C:\Users\Gabriel\Desktop\Gabriel\Federal\Codesign\PlateDetection_Systemc2 - Copy\PlateDetection_SystemC_OpenCV_Simple_Bus\Release\SystemC.pdb'; linking object as if no debug info
systemc.lib(sc_sensitive.obj) : warning LNK4099: PDB 'SystemC.pdb' was not found with 'systemc.lib(sc_sensitive.obj)' or at 'C:\Users\Gabriel\Desktop\Gabriel\Federal\Codesign\PlateDetection_Systemc2 - Copy\PlateDetection_SystemC_OpenCV_Simple_Bus\Release\SystemC.pdb'; linking object as if no debug info
systemc.lib(sc_simcontext.obj) : warning LNK4099: PDB 'SystemC.pdb' was not found with 'systemc.lib(sc_simcontext.obj)' or at 'C:\Users\Gabriel\Desktop\Gabriel\Federal\Codesign\PlateDetection_Systemc2 - Copy\PlateDetection_SystemC_OpenCV_Simple_Bus\Release\SystemC.pdb'; linking object as if no debug info
systemc.lib(sc_spawn_options.obj) : warning LNK4099: PDB 'SystemC.pdb' was not found with 'systemc.lib(sc_spawn_options.obj)' or at 'C:\Users\Gabriel\Desktop\Gabriel\Federal\Codesign\PlateDetection_Systemc2 - Copy\PlateDetection_SystemC_OpenCV_Simple_Bus\Release\SystemC.pdb'; linking object as if no debug info
systemc.lib(sc_thread_process.obj) : warning LNK4099: PDB 'SystemC.pdb' was not found with 'systemc.lib(sc_thread_process.obj)' or at 'C:\Users\Gabriel\Desktop\Gabriel\Federal\Codesign\PlateDetection_Systemc2 - Copy\PlateDetection_SystemC_OpenCV_Simple_Bus\Release\SystemC.pdb'; linking object as if no debug info
systemc.lib(sc_time.obj) : warning LNK4099: PDB 'SystemC.pdb' was not found with 'systemc.lib(sc_time.obj)' or at 'C:\Users\Gabriel\Desktop\Gabriel\Federal\Codesign\PlateDetection_Systemc2 - Copy\PlateDetection_SystemC_OpenCV_Simple_Bus\Release\SystemC.pdb'; linking object as if no debug info
systemc.lib(sc_ver.obj) : warning LNK4099: PDB 'SystemC.pdb' was not found with 'systemc.lib(sc_ver.obj)' or at 'C:\Users\Gabriel\Desktop\Gabriel\Federal\Codesign\PlateDetection_Systemc2 - Copy\PlateDetection_SystemC_OpenCV_Simple_Bus\Release\SystemC.pdb'; linking object as if no debug info
systemc.lib(sc_wait.obj) : warning LNK4099: PDB 'SystemC.pdb' was not found with 'systemc.lib(sc_wait.obj)' or at 'C:\Users\Gabriel\Desktop\Gabriel\Federal\Codesign\PlateDetection_Systemc2 - Copy\PlateDetection_SystemC_OpenCV_Simple_Bus\Release\SystemC.pdb'; linking object as if no debug info
systemc.lib(sc_trace.obj) : warning LNK4099: PDB 'SystemC.pdb' was not found with 'systemc.lib(sc_trace.obj)' or at 'C:\Users\Gabriel\Desktop\Gabriel\Federal\Codesign\PlateDetection_Systemc2 - Copy\PlateDetection_SystemC_OpenCV_Simple_Bus\Release\SystemC.pdb'; linking object as if no debug info
systemc.lib(sc_hash.obj) : warning LNK4099: PDB 'SystemC.pdb' was not found with 'systemc.lib(sc_hash.obj)' or at 'C:\Users\Gabriel\Desktop\Gabriel\Federal\Codesign\PlateDetection_Systemc2 - Copy\PlateDetection_SystemC_OpenCV_Simple_Bus\Release\SystemC.pdb'; linking object as if no debug info
systemc.lib(sc_list.obj) : warning LNK4099: PDB 'SystemC.pdb' was not found with 'systemc.lib(sc_list.obj)' or at 'C:\Users\Gabriel\Desktop\Gabriel\Federal\Codesign\PlateDetection_Systemc2 - Copy\PlateDetection_SystemC_OpenCV_Simple_Bus\Release\SystemC.pdb'; linking object as if no debug info
systemc.lib(sc_mempool.obj) : warning LNK4099: PDB 'SystemC.pdb' was not found with 'systemc.lib(sc_mempool.obj)' or at 'C:\Users\Gabriel\Desktop\Gabriel\Federal\Codesign\PlateDetection_Systemc2 - Copy\PlateDetection_SystemC_OpenCV_Simple_Bus\Release\SystemC.pdb'; linking object as if no debug info
systemc.lib(sc_pq.obj) : warning LNK4099: PDB 'SystemC.pdb' was not found with 'systemc.lib(sc_pq.obj)' or at 'C:\Users\Gabriel\Desktop\Gabriel\Federal\Codesign\PlateDetection_Systemc2 - Copy\PlateDetection_SystemC_OpenCV_Simple_Bus\Release\SystemC.pdb'; linking object as if no debug info
systemc.lib(sc_report.obj) : warning LNK4099: PDB 'SystemC.pdb' was not found with 'systemc.lib(sc_report.obj)' or at 'C:\Users\Gabriel\Desktop\Gabriel\Federal\Codesign\PlateDetection_Systemc2 - Copy\PlateDetection_SystemC_OpenCV_Simple_Bus\Release\SystemC.pdb'; linking object as if no debug info
systemc.lib(sc_report_handler.obj) : warning LNK4099: PDB 'SystemC.pdb' was not found with 'systemc.lib(sc_report_handler.obj)' or at 'C:\Users\Gabriel\Desktop\Gabriel\Federal\Codesign\PlateDetection_Systemc2 - Copy\PlateDetection_SystemC_OpenCV_Simple_Bus\Release\SystemC.pdb'; linking object as if no debug info
systemc.lib(sc_stop_here.obj) : warning LNK4099: PDB 'SystemC.pdb' was not found with 'systemc.lib(sc_stop_here.obj)' or at 'C:\Users\Gabriel\Desktop\Gabriel\Federal\Codesign\PlateDetection_Systemc2 - Copy\PlateDetection_SystemC_OpenCV_Simple_Bus\Release\SystemC.pdb'; linking object as if no debug info
systemc.lib(sc_utils_ids.obj) : warning LNK4099: PDB 'SystemC.pdb' was not found with 'systemc.lib(sc_utils_ids.obj)' or at 'C:\Users\Gabriel\Desktop\Gabriel\Federal\Codesign\PlateDetection_Systemc2 - Copy\PlateDetection_SystemC_OpenCV_Simple_Bus\Release\SystemC.pdb'; linking object as if no debug info
  PlateDetection_SystemC_OpenCV.vcxproj -> C:\Users\Gabriel\Desktop\Gabriel\Federal\Codesign\PlateDetection_Systemc2 - Copy\PlateDetection_SystemC_OpenCV_Simple_Bus\Release\PlateDetection_SystemC_OpenCV.exe
  PlateDetection_SystemC_OpenCV.vcxproj -> C:\Users\Gabriel\Desktop\Gabriel\Federal\Codesign\PlateDetection_Systemc2 - Copy\PlateDetection_SystemC_OpenCV_Simple_Bus\Release\PlateDetection_SystemC_OpenCV.pdb (Full PDB)
